<?xml version="1.0" encoding="UTF-8"?>
<!-- Generated by org.testng.reporters.JUnitXMLReporter -->
<testsuite ignored="0" hostname="nanjje1578" failures="0" tests="3" name="Default test" time="0.026" errors="0" timestamp="21 May 2023 10:10:36 GMT">
  <testcase classname="practice.DataProviders" name="ticketBookingTest" time="0.006"/>
  <testcase classname="practice.DataProviders" name="ticketBookingTest" time="0.001"/>
  <testcase classname="practice.DataProviders" name="ticketBookingTest" time="0.0"/>
</testsuite> <!-- Default test -->
