<?xml version="1.0" encoding="UTF-8"?>
<testng-results ignored="0" total="1" passed="1" failed="0" skipped="0">
  <reporter-output>
  </reporter-output>
  <suite started-at="2023-05-18T12:34:21Z" name="Suite" finished-at="2023-05-18T12:34:42Z" duration-ms="20361">
    <groups>
    </groups>
    <test started-at="2023-05-18T12:34:21Z" name="Test" finished-at="2023-05-18T12:34:42Z" duration-ms="20361">
      <class name="testngImplementation.CreateOrganizationWithMandatoryFields">
        <test-method is-config="true" signature="classConfiguration()[pri:0, instance:testngImplementation.CreateOrganizationWithMandatoryFields@5ddeb7cb]" started-at="2023-05-18T12:34:22Z" name="classConfiguration" finished-at="2023-05-18T12:34:25Z" duration-ms="3872" status="PASS">
          <reporter-output>
          </reporter-output>
        </test-method> <!-- classConfiguration -->
        <test-method is-config="true" signature="methodConfiguration()[pri:0, instance:testngImplementation.CreateOrganizationWithMandatoryFields@5ddeb7cb]" started-at="2023-05-18T12:34:25Z" name="methodConfiguration" finished-at="2023-05-18T12:34:28Z" duration-ms="2628" status="PASS">
          <reporter-output>
          </reporter-output>
        </test-method> <!-- methodConfiguration -->
        <test-method signature="createOrganizationTest()[pri:0, instance:testngImplementation.CreateOrganizationWithMandatoryFields@5ddeb7cb]" started-at="2023-05-18T12:34:28Z" name="createOrganizationTest" finished-at="2023-05-18T12:34:40Z" duration-ms="11918" status="PASS">
          <reporter-output>
          </reporter-output>
        </test-method> <!-- createOrganizationTest -->
        <test-method is-config="true" signature="methodTearDown()[pri:0, instance:testngImplementation.CreateOrganizationWithMandatoryFields@5ddeb7cb]" started-at="2023-05-18T12:34:40Z" name="methodTearDown" finished-at="2023-05-18T12:34:42Z" duration-ms="1635" status="PASS">
          <reporter-output>
          </reporter-output>
        </test-method> <!-- methodTearDown -->
        <test-method is-config="true" signature="classTearDown()[pri:0, instance:testngImplementation.CreateOrganizationWithMandatoryFields@5ddeb7cb]" started-at="2023-05-18T12:34:42Z" name="classTearDown" finished-at="2023-05-18T12:34:42Z" duration-ms="99" status="PASS">
          <reporter-output>
          </reporter-output>
        </test-method> <!-- classTearDown -->
      </class> <!-- testngImplementation.CreateOrganizationWithMandatoryFields -->
    </test> <!-- Test -->
  </suite> <!-- Suite -->
</testng-results>
