<?xml version="1.0" encoding="UTF-8"?>
<testng-results ignored="0" total="3" passed="3" failed="0" skipped="0">
  <reporter-output>
  </reporter-output>
  <suite started-at="2023-05-21T10:10:35Z" name="Default suite" finished-at="2023-05-21T10:10:35Z" duration-ms="26">
    <groups>
    </groups>
    <test started-at="2023-05-21T10:10:35Z" name="Default test" finished-at="2023-05-21T10:10:35Z" duration-ms="26">
      <class name="practice.DataProviders">
        <test-method signature="ticketBookingTest(java.lang.String, java.lang.String)[pri:0, instance:practice.DataProviders@1a75e76a]" started-at="2023-05-21T10:10:35Z" name="ticketBookingTest" data-provider="data" finished-at="2023-05-21T10:10:35Z" duration-ms="6" status="PASS">
          <params>
            <param index="0">
              <value>
                <![CDATA[Bangalore]]>
              </value>
            </param>
            <param index="1">
              <value>
                <![CDATA[Kochi]]>
              </value>
            </param>
          </params>
          <reporter-output>
          </reporter-output>
        </test-method> <!-- ticketBookingTest -->
        <test-method signature="ticketBookingTest(java.lang.String, java.lang.String)[pri:0, instance:practice.DataProviders@1a75e76a]" started-at="2023-05-21T10:10:35Z" name="ticketBookingTest" data-provider="data" finished-at="2023-05-21T10:10:35Z" duration-ms="1" status="PASS">
          <params>
            <param index="0">
              <value>
                <![CDATA[Bangalore]]>
              </value>
            </param>
            <param index="1">
              <value>
                <![CDATA[Hyderabad]]>
              </value>
            </param>
          </params>
          <reporter-output>
          </reporter-output>
        </test-method> <!-- ticketBookingTest -->
        <test-method signature="ticketBookingTest(java.lang.String, java.lang.String)[pri:0, instance:practice.DataProviders@1a75e76a]" started-at="2023-05-21T10:10:35Z" name="ticketBookingTest" data-provider="data" finished-at="2023-05-21T10:10:35Z" duration-ms="0" status="PASS">
          <params>
            <param index="0">
              <value>
                <![CDATA[Bangalore]]>
              </value>
            </param>
            <param index="1">
              <value>
                <![CDATA[Chennai]]>
              </value>
            </param>
          </params>
          <reporter-output>
          </reporter-output>
        </test-method> <!-- ticketBookingTest -->
      </class> <!-- practice.DataProviders -->
    </test> <!-- Default test -->
  </suite> <!-- Default suite -->
</testng-results>
